<?xml version="1.0" encoding="UTF-8"?>
<!-- Generated by org.testng.reporters.JUnitReportReporter -->
<testsuite hostname="LAPTOP-PR7TAUIP" failures="0" tests="1" name="Maven.NewTest" time="11.832" errors="0" timestamp="17 May 2018 17:15:39 GMT">
  <testcase classname="Maven.NewTest" name="login" time="11.832"/>
</testsuite> <!-- Maven.NewTest -->
