<?xml version="1.0" encoding="UTF-8"?>
<!-- Generated by org.testng.reporters.JUnitReportReporter -->
<testsuite hostname="LAPTOP-PR7TAUIP" failures="0" tests="1" name="Maven.ProfileUpdate" time="21.663" errors="0" timestamp="20 May 2018 03:14:57 GMT">
  <testcase classname="Maven.ProfileUpdate" name="login" time="21.663"/>
</testsuite> <!-- Maven.ProfileUpdate -->
